<?xml version="1.0" encoding="UTF-8"?>
<!-- Generated by org.testng.reporters.JUnitReportReporter -->
<testsuite skipped="0" hostname="DESKTOP-7FFAQ42" name="Dexus.QualityArc.POC" tests="1" failures="0" timestamp="20 Nov 2018 05:05:59 GMT" time="62.048" errors="0">
  <testcase name="POCtest" time="62.048" classname="Dexus.QualityArc.POC"/>
</testsuite> <!-- Dexus.QualityArc.POC -->
